<?xml version="1.0" encoding="UTF-8"?>
<!-- Generated by org.testng.reporters.JUnitReportReporter -->
<testsuite skipped="0" hostname="Seshadri" name="com.mapsynq.qa.testcases.DirectionsTabTest" tests="12" failures="0" timestamp="22 Jan 2019 15:05:44 GMT" time="261.811" errors="0">
  <testcase name="swapFromToPointTest" time="23.164" classname="com.mapsynq.qa.testcases.DirectionsTabTest"/>
  <testcase name="swapFromToPointTest" time="24.735" classname="com.mapsynq.qa.testcases.DirectionsTabTest"/>
  <testcase name="swapFromToPointTest" time="20.868" classname="com.mapsynq.qa.testcases.DirectionsTabTest"/>
  <testcase name="getDirectionsTest" time="27.554" classname="com.mapsynq.qa.testcases.DirectionsTabTest"/>
  <testcase name="getDirectionsTest" time="19.341" classname="com.mapsynq.qa.testcases.DirectionsTabTest"/>
  <testcase name="getDirectionsTest" time="18.596" classname="com.mapsynq.qa.testcases.DirectionsTabTest"/>
  <testcase name="clearRouteTest" time="16.393" classname="com.mapsynq.qa.testcases.DirectionsTabTest"/>
  <testcase name="clearRouteTest" time="21.684" classname="com.mapsynq.qa.testcases.DirectionsTabTest"/>
  <testcase name="clearRouteTest" time="18.468" classname="com.mapsynq.qa.testcases.DirectionsTabTest"/>
  <testcase name="leaveAtTime" time="24.976" classname="com.mapsynq.qa.testcases.DirectionsTabTest"/>
  <testcase name="leaveAtTime" time="24.562" classname="com.mapsynq.qa.testcases.DirectionsTabTest"/>
  <testcase name="leaveAtTime" time="21.470" classname="com.mapsynq.qa.testcases.DirectionsTabTest"/>
</testsuite> <!-- com.mapsynq.qa.testcases.DirectionsTabTest -->
